#
# A fatal error has been detected by the Java Runtime Environment:
#
#  EXCEPTION_STACK_OVERFLOW (0xc00000fd) at pc=0x0000000062c9aeb7, pid=4724, tid=0x0000000000002bd0
#
# JRE version: OpenJDK Runtime Environment (8.0_76-b03) (build 1.8.0_76-release-b03)
# Java VM: OpenJDK 64-Bit Server VM (25.76-b03 mixed mode windows-amd64 compressed oops)
# Problematic frame:
# V  [jvm.dll+0x1eaeb7]
#
# Failed to write core dump. Minidumps are not enabled by default on client versions of Windows
#
# If you would like to submit a bug report, please visit:
#   http://bugreport.java.com/bugreport/crash.jsp
#

---------------  T H R E A D  ---------------

Current thread (0x0000000016e57800):  JavaThread "pool-2-thread-2" [_thread_in_vm, id=11216, stack(0x0000000017400000,0x0000000017500000)]

siginfo: ExceptionCode=0xc00000fd, ExceptionInformation=0x0000000000000001 0x00000000174fd700 

Registers:
RAX=0x00000000174fd700, RBX=0x0000000000000003, RCX=0x0000000000002000, RDX=0x0000000000000006
RSP=0x00000000174ff700, RBP=0x0000000000000000, RSI=0x00000000174ff700, RDI=0x0000000000000003
R8 =0x0000000000000006, R9 =0x0000000016e54080, R10=0x000000001494d900, R11=0x000000001740a148
R12=0x0000000016e54080, R13=0x0000000016e57800, R14=0x00000000174ff7c8, R15=0x000000001494d900
RIP=0x0000000062c9aeb7, EFLAGS=0x0000000000010206

Top of Stack: (sp=0x00000000174ff700)
0x00000000174ff700:   0000537bd0b52a82 00000000638c4e7e
0x00000000174ff710:   0000000016e57800 0000000016e54080
0x00000000174ff720:   00000000ffffffff 0000000062c9bde7
0x00000000174ff730:   00000000174ff830 000000001494d900
0x00000000174ff740:   0000000016e57800 0000000062b4aa53
0x00000000174ff750:   00000000174ff790 0000000016e57800
0x00000000174ff760:   00000000174ff820 0000000016e57800
0x00000000174ff770:   000000001494d900 0000000016e57800
0x00000000174ff780:   0000000002c00e20 0000000016e57800
0x00000000174ff790:   000000001494d900 0000000016e57800
0x00000000174ff7a0:   000000001494d900 0000000016e57800
0x00000000174ff7b0:   0000000000000001 000000001494d900
0x00000000174ff7c0:   0000000016e57800 0000000016c23b20
0x00000000174ff7d0:   0000000016e57800 0000000062b4bf3d
0x00000000174ff7e0:   00000000174ffae8 00000001000066b0
0x00000000174ff7f0:   00000001000066b0 00007ffa43559544 

Instructions: (pc=0x0000000062c9aeb7)
0x0000000062c9ae97:   48 89 6c 24 30 33 ed 66 90 e8 4b b8 07 00 ff c3
0x0000000062c9aea7:   48 63 c8 48 8b c6 48 0f af cf 48 ff c7 48 2b c1
0x0000000062c9aeb7:   89 28 48 63 c3 48 3b 05 cd d6 56 00 7e db 48 8b
0x0000000062c9aec7:   6c 24 30 48 8b 5c 24 38 48 8b 74 24 40 48 83 c4 


Register to memory mapping:

RAX=0x00000000174fd700 is pointing into the stack for thread: 0x0000000016e57800
RBX=0x0000000000000003 is an unknown value
RCX=0x0000000000002000 is an unknown value
RDX=0x0000000000000006 is an unknown value
RSP=0x00000000174ff700 is pointing into the stack for thread: 0x0000000016e57800
RBP=0x0000000000000000 is an unknown value
RSI=0x00000000174ff700 is pointing into the stack for thread: 0x0000000016e57800
RDI=0x0000000000000003 is an unknown value
R8 =0x0000000000000006 is an unknown value
R9 =0x0000000016e54080 is an unknown value
R10={method} {0x000000001494d908} 'run' '()V' in 'java/lang/Thread'
R11=0x000000001740a148 is pointing into the stack for thread: 0x0000000016e57800
R12=0x0000000016e54080 is an unknown value
R13=0x0000000016e57800 is a thread
R14=0x00000000174ff7c8 is pointing into the stack for thread: 0x0000000016e57800
R15={method} {0x000000001494d908} 'run' '()V' in 'java/lang/Thread'


Stack: [0x0000000017400000,0x0000000017500000],  sp=0x00000000174ff700,  free space=1021k
Native frames: (J=compiled Java code, j=interpreted, Vv=VM code, C=native code)


---------------  P R O C E S S  ---------------

Java Threads: ( => current thread )
  0x0000000016e6f000 JavaThread "pool-2-thread-4" [_thread_in_vm, id=1208, stack(0x0000000017600000,0x0000000017700000)]
  0x0000000016e64000 JavaThread "pool-2-thread-3" [_thread_in_vm, id=9828, stack(0x0000000017500000,0x0000000017600000)]
=>0x0000000016e57800 JavaThread "pool-2-thread-2" [_thread_in_vm, id=11216, stack(0x0000000017400000,0x0000000017500000)]
  0x0000000016e4a000 JavaThread "pool-3-thread-1" [_thread_blocked, id=9284, stack(0x0000000017300000,0x0000000017400000)]
  0x0000000016e51800 JavaThread "pool-2-thread-1" [_thread_blocked, id=10608, stack(0x0000000017200000,0x0000000017300000)]
  0x0000000016c16000 JavaThread "Service Thread" daemon [_thread_blocked, id=5604, stack(0x0000000017000000,0x0000000017100000)]
  0x00000000152e9800 JavaThread "C1 CompilerThread2" daemon [_thread_blocked, id=5312, stack(0x0000000016b00000,0x0000000016c00000)]
  0x00000000152bd800 JavaThread "C2 CompilerThread1" daemon [_thread_blocked, id=7980, stack(0x0000000016a00000,0x0000000016b00000)]
  0x00000000152bb800 JavaThread "C2 CompilerThread0" daemon [_thread_blocked, id=10556, stack(0x0000000016900000,0x0000000016a00000)]
  0x00000000152b9000 JavaThread "Attach Listener" daemon [_thread_blocked, id=10232, stack(0x0000000016800000,0x0000000016900000)]
  0x00000000152b7800 JavaThread "Signal Dispatcher" daemon [_thread_blocked, id=9776, stack(0x0000000016700000,0x0000000016800000)]
  0x0000000002be5000 JavaThread "Finalizer" daemon [_thread_blocked, id=8268, stack(0x0000000016510000,0x0000000016610000)]
  0x0000000002be0000 JavaThread "Reference Handler" daemon [_thread_blocked, id=12084, stack(0x0000000016410000,0x0000000016510000)]
  0x0000000002af1000 JavaThread "main" [_thread_blocked, id=7604, stack(0x0000000002850000,0x0000000002950000)]

Other Threads:
  0x0000000015286800 VMThread [stack: 0x0000000016310000,0x0000000016410000] [id=6640]
  0x0000000016c1a800 WatcherThread [stack: 0x0000000017100000,0x0000000017200000] [id=4520]

VM state:synchronizing (normal execution)

VM Mutex/Monitor currently owned by a thread:  ([mutex/lock_event])
[0x0000000000c7bcf0] Threads_lock - owner thread: 0x0000000015286800
[0x0000000000c7c870] Heap_lock - owner thread: 0x0000000002af1000

Heap:
 PSYoungGen      total 37888K, used 7245K [0x00000000eab00000, 0x00000000ed500000, 0x0000000100000000)
  eden space 32768K, 22% used [0x00000000eab00000,0x00000000eb213758,0x00000000ecb00000)
  from space 5120K, 0% used [0x00000000ed000000,0x00000000ed000000,0x00000000ed500000)
  to   space 5120K, 0% used [0x00000000ecb00000,0x00000000ecb00000,0x00000000ed000000)
 ParOldGen       total 86016K, used 0K [0x00000000c0000000, 0x00000000c5400000, 0x00000000eab00000)
  object space 86016K, 0% used [0x00000000c0000000,0x00000000c0000000,0x00000000c5400000)
 Metaspace       used 4352K, capacity 5584K, committed 5760K, reserved 1058816K
  class space    used 468K, capacity 520K, committed 640K, reserved 1048576K

Card table byte_map: [0x0000000011fb0000,0x00000000121c0000] byte_map_base: 0x00000000119b0000

Marking Bits: (ParMarkBitMap*) 0x0000000063269d00
 Begin Bits: [0x0000000012720000, 0x0000000013720000)
 End Bits:   [0x0000000013720000, 0x0000000014720000)

Polling page: 0x0000000000c40000

CodeCache: size=245760Kb used=1695Kb max_used=1695Kb free=244064Kb
 bounds [0x0000000002bf0000, 0x0000000002e60000, 0x0000000011bf0000]
 total_blobs=522 nmethods=262 adapters=174
 compilation: enabled

Compilation events (10 events):
Event: 0.425 Thread 0x00000000152e9800  247       3       java.util.zip.ZipCoder::encoder (35 bytes)
Event: 0.426 Thread 0x00000000152e9800 nmethod 247 0x0000000002d90a50 code [0x0000000002d90be0, 0x0000000002d91248]
Event: 0.426 Thread 0x00000000152e9800  248       3       java.nio.charset.CharsetEncoder::reset (11 bytes)
Event: 0.426 Thread 0x00000000152e9800 nmethod 248 0x0000000002d91410 code [0x0000000002d91560, 0x0000000002d91790]
Event: 0.426 Thread 0x00000000152e9800  249       3       java.nio.charset.CharsetEncoder::implReset (1 bytes)
Event: 0.426 Thread 0x00000000152e9800 nmethod 249 0x0000000002d886d0 code [0x0000000002d88820, 0x0000000002d88970]
Event: 0.426 Thread 0x00000000152e9800  250       3       java.nio.charset.CharsetEncoder::maxBytesPerChar (5 bytes)
Event: 0.426 Thread 0x00000000152e9800 nmethod 250 0x0000000002d91850 code [0x0000000002d919a0, 0x0000000002d91af0]
Event: 0.426 Thread 0x00000000152e9800  252       1       java.lang.reflect.Field::getName (5 bytes)
Event: 0.426 Thread 0x00000000152e9800 nmethod 252 0x0000000002d91b50 code [0x0000000002d91ca0, 0x0000000002d91db0]

GC Heap History (0 events):
No events

Deoptimization events (0 events):
No events

Internal exceptions (2 events):
Event: 0.049 Thread 0x0000000002af1000 Exception <a 'java/lang/NoSuchMethodError': Method sun.misc.Unsafe.defineClass(Ljava/lang/String;[BII)Ljava/lang/Class; name or signature does not match> (0x00000000eab07cc0) thrown at [C:\src\android\AOSP-openjdk\external\jetbrains\jdk\hotspot\src\share\vªßv·Í®?
Event: 0.049 Thread 0x0000000002af1000 Exception <a 'java/lang/NoSuchMethodError': Method sun.misc.Unsafe.prefetchRead(Ljava/lang/Object;J)V name or signature does not match> (0x00000000eab07fa8) thrown at [C:\src\android\AOSP-openjdk\external\jetbrains\jdk\hotspot\src\share\vm\prims\jni.cpp, l

Events (10 events):
Event: 0.422 loading class com/android/dx/cf/code/ByteCatchList$Item
Event: 0.422 loading class com/android/dx/cf/code/ByteCatchList$Item done
Event: 0.423 loading class com/android/dx/cf/code/ByteBlock
Event: 0.423 loading class com/android/dx/cf/code/ByteBlock done
Event: 0.423 loading class com/android/dx/dex/file/StringIdItem
Event: 0.423 loading class com/android/dx/dex/file/StringIdItem done
Event: 0.426 loading class java/util/concurrent/locks/LockSupport
Event: 0.426 loading class java/util/concurrent/locks/LockSupport done
Event: 0.426 loading class sun/nio/ch/Interruptible
Event: 0.426 loading class sun/nio/ch/Interruptible done


Dynamic libraries:
0x00007ff6b27b0000 - 0x00007ff6b27e1000 	F:\Projects\Android Studio\Android Studio\jre\bin\java.exe
0x00007ffa43520000 - 0x00007ffa436f1000 	C:\Windows\SYSTEM32\ntdll.dll
0x00007ffa42ce0000 - 0x00007ffa42d8b000 	C:\Windows\System32\KERNEL32.DLL
0x00007ffa3fab0000 - 0x00007ffa3fccd000 	C:\Windows\System32\KERNELBASE.dll
0x00007ffa424d0000 - 0x00007ffa42572000 	C:\Windows\System32\ADVAPI32.dll
0x00007ffa43040000 - 0x00007ffa430de000 	C:\Windows\System32\msvcrt.dll
0x00007ffa42790000 - 0x00007ffa427e9000 	C:\Windows\System32\sechost.dll
0x00007ffa430e0000 - 0x00007ffa43201000 	C:\Windows\System32\RPCRT4.dll
0x00007ffa40ab0000 - 0x00007ffa40c15000 	C:\Windows\System32\USER32.dll
0x00007ffa3fdd0000 - 0x00007ffa3fdee000 	C:\Windows\System32\win32u.dll
0x00007ffa434e0000 - 0x00007ffa43514000 	C:\Windows\System32\GDI32.dll
0x00007ffa40920000 - 0x00007ffa40aa2000 	C:\Windows\System32\gdi32full.dll
0x00007ffa38a40000 - 0x00007ffa38cba000 	C:\Windows\WinSxS\amd64_microsoft.windows.common-controls_6595b64144ccf1df_6.0.14393.953_none_42151e83c686086b\COMCTL32.dll
0x00007ffa43210000 - 0x00007ffa434d8000 	C:\Windows\System32\combase.dll
0x00007ffa3fcd0000 - 0x00007ffa3fdc5000 	C:\Windows\System32\ucrtbase.dll
0x00007ffa40180000 - 0x00007ffa401ea000 	C:\Windows\System32\bcryptPrimitives.dll
0x00007ffa422e0000 - 0x00007ffa4230e000 	C:\Windows\System32\IMM32.DLL
0x0000000063870000 - 0x0000000063942000 	F:\Projects\Android Studio\Android Studio\jre\jre\bin\msvcr100.dll
0x0000000062ab0000 - 0x00000000632e4000 	F:\Projects\Android Studio\Android Studio\jre\jre\bin\server\jvm.dll
0x00007ffa42130000 - 0x00007ffa42138000 	C:\Windows\System32\PSAPI.DLL
0x00007ffa3c510000 - 0x00007ffa3c519000 	C:\Windows\SYSTEM32\WSOCK32.dll
0x00007ffa42720000 - 0x00007ffa4278a000 	C:\Windows\System32\WS2_32.dll
0x00007ffa3dae0000 - 0x00007ffa3db03000 	C:\Windows\SYSTEM32\WINMM.dll
0x00007ffa39510000 - 0x00007ffa3951a000 	C:\Windows\SYSTEM32\VERSION.dll
0x00007ffa3da80000 - 0x00007ffa3daab000 	C:\Windows\SYSTEM32\WINMMBASE.dll
0x00007ffa401f0000 - 0x00007ffa40232000 	C:\Windows\System32\cfgmgr32.dll
0x00007ffa3dbc0000 - 0x00007ffa3dbcf000 	F:\Projects\Android Studio\Android Studio\jre\jre\bin\verify.dll
0x00007ffa28f50000 - 0x00007ffa28f79000 	F:\Projects\Android Studio\Android Studio\jre\jre\bin\java.dll
0x00007ffa2ae30000 - 0x00007ffa2ae46000 	F:\Projects\Android Studio\Android Studio\jre\jre\bin\zip.dll
0x00007ffa40c20000 - 0x00007ffa42129000 	C:\Windows\System32\SHELL32.dll
0x00007ffa40240000 - 0x00007ffa4091a000 	C:\Windows\System32\windows.storage.dll
0x00007ffa3f980000 - 0x00007ffa3f9cc000 	C:\Windows\System32\powrprof.dll
0x00007ffa42310000 - 0x00007ffa42362000 	C:\Windows\System32\shlwapi.dll
0x00007ffa3fa00000 - 0x00007ffa3fa0f000 	C:\Windows\System32\kernel.appcore.dll
0x00007ffa400d0000 - 0x00007ffa40179000 	C:\Windows\System32\shcore.dll
0x00007ffa3f9d0000 - 0x00007ffa3f9e4000 	C:\Windows\System32\profapi.dll
0x00007ffa3acc0000 - 0x00007ffa3ae52000 	C:\Windows\SYSTEM32\dbghelp.dll

VM Arguments:
jvm_args: -Djava.awt.headless=true -Xmx1024M -Dfile.encoding=windows-1252 -Duser.country=US -Duser.language=en -Duser.variant 
java_command: com.android.dx.command.Main --dex --force-jumbo --num-threads=4 --multi-dex --output F:\Projects\Android Studio\Projects\RTTest\app\build\intermediates\transforms\dex\debug\folders\1000\10\com.android.support-support-v4-22.2.0_f24b1d204b3587ac5df1a20fc9bfcf1e131f4ca0 F:\Projects\Android Studio\Projects\RTTest\app\build\intermediates\exploded-aar\com.android.support\support-v4\22.2.0\jars\classes.jar
java_class_path (initial): F:\Projects\Android Studio\sdk\build-tools\23.0.0\lib\dx.jar
Launcher Type: SUN_STANDARD

Environment Variables:
JAVA_HOME=C:\Program Files\Java\jdk1.8.0_121
PATH=C:\ProgramData\Oracle\Java\javapath;C:\Windows\system32;C:\Windows;C:\Windows\System32\Wbem;C:\Windows\System32\WindowsPowerShell\v1.0\;C:\Program Files (x86)\NVIDIA Corporation\PhysX\Common;C:\Program Files\Condusiv Technologies\ExpressCache\;C:\Users\Disctanger\AppData\Local\Microsoft\WindowsApps;
USERNAME=Disctanger
OS=Windows_NT
PROCESSOR_IDENTIFIER=Intel64 Family 6 Model 58 Stepping 9, GenuineIntel



---------------  S Y S T E M  ---------------

OS: Windows 10.0 , 64 bit Build 14393 (10.0.14393.0)

CPU:total 4 (2 cores per cpu, 2 threads per core) family 6 model 58 stepping 9, cmov, cx8, fxsr, mmx, sse, sse2, sse3, ssse3, sse4.1, sse4.2, popcnt, avx, aes, clmul, erms, ht, tsc, tscinvbit, tscinv

Memory: 4k page, physical 8205832k(1262180k free), swap 10148360k(403396k free)

vm_info: OpenJDK 64-Bit Server VM (25.76-b03) for windows-amd64 JRE (1.8.0_76-release-b03), built on Jun 29 2016 19:09:20 by "ralucas" with MS VC++ 10.0 (VS2010)

time: Thu Apr 06 23:32:14 2017
elapsed time: 0 seconds (0d 0h 0m 0s)

