#
# There is insufficient memory for the Java Runtime Environment to continue.
# Native memory allocation (malloc) failed to allocate 689856 bytes for Chunk::new
# Possible reasons:
#   The system is out of physical RAM or swap space
#   In 32 bit mode, the process size limit was hit
# Possible solutions:
#   Reduce memory load on the system
#   Increase physical memory or swap space
#   Check if swap backing store is full
#   Use 64 bit Java on a 64 bit OS
#   Decrease Java heap size (-Xmx/-Xms)
#   Decrease number of Java threads
#   Decrease Java thread stack sizes (-Xss)
#   Set larger code cache with -XX:ReservedCodeCacheSize=
# This output file may be truncated or incomplete.
#
#  Out of Memory Error (allocation.cpp:390), pid=10776, tid=0x0000000000001990
#
# JRE version: OpenJDK Runtime Environment (8.0_76-b03) (build 1.8.0_76-release-b03)
# Java VM: OpenJDK 64-Bit Server VM (25.76-b03 mixed mode windows-amd64 compressed oops)
# Failed to write core dump. Minidumps are not enabled by default on client versions of Windows
#

---------------  T H R E A D  ---------------

Current thread (0x000000001507c800):  JavaThread "C2 CompilerThread0" daemon [_thread_in_native, id=6544, stack(0x00000000166c0000,0x00000000167c0000)]

Stack: [0x00000000166c0000,0x00000000167c0000]
[error occurred during error reporting (printing stack bounds), id 0xc0000005]

Native frames: (J=compiled Java code, j=interpreted, Vv=VM code, C=native code)


Current CompileTask:
C2:   2777 1222       4       com.android.dx.rop.code.Rops::ropFor (771 bytes)


---------------  P R O C E S S  ---------------

Java Threads: ( => current thread )
  0x0000000016b08800 JavaThread "pool-3-thread-1" [_thread_blocked, id=7308, stack(0x00000000170c0000,0x00000000171c0000)]
  0x0000000016b08000 JavaThread "pool-2-thread-1" [_thread_in_Java, id=5016, stack(0x0000000016fc0000,0x00000000170c0000)]
  0x00000000169c4800 JavaThread "Service Thread" daemon [_thread_blocked, id=5360, stack(0x0000000016dc0000,0x0000000016ec0000)]
  0x00000000150dd800 JavaThread "C1 CompilerThread2" daemon [_thread_blocked, id=2788, stack(0x00000000168c0000,0x00000000169c0000)]
  0x000000001507e800 JavaThread "C2 CompilerThread1" daemon [_thread_in_native, id=7628, stack(0x00000000167c0000,0x00000000168c0000)]
=>0x000000001507c800 JavaThread "C2 CompilerThread0" daemon [_thread_in_native, id=6544, stack(0x00000000166c0000,0x00000000167c0000)]
  0x000000001507a000 JavaThread "Attach Listener" daemon [_thread_blocked, id=7044, stack(0x00000000165c0000,0x00000000166c0000)]
  0x0000000015078800 JavaThread "Signal Dispatcher" daemon [_thread_blocked, id=10196, stack(0x00000000164c0000,0x00000000165c0000)]
  0x00000000029a5000 JavaThread "Finalizer" daemon [_thread_blocked, id=884, stack(0x00000000162d0000,0x00000000163d0000)]
  0x00000000029a0000 JavaThread "Reference Handler" daemon [_thread_blocked, id=9880, stack(0x00000000161d0000,0x00000000162d0000)]
  0x00000000028b1000 JavaThread "main" [_thread_blocked, id=9472, stack(0x00000000027b0000,0x00000000028b0000)]

Other Threads:
  0x0000000015045800 VMThread [stack: 0x00000000160d0000,0x00000000161d0000] [id=6716]
  0x00000000169c5800 WatcherThread [stack: 0x0000000016ec0000,0x0000000016fc0000] [id=7316]

VM state:not at safepoint (normal execution)

VM Mutex/Monitor currently owned by a thread: None

Heap:
 PSYoungGen      total 37888K, used 18697K [0x00000000eab00000, 0x00000000ed500000, 0x0000000100000000)
  eden space 32768K, 41% used [0x00000000eab00000,0x00000000eb849630,0x00000000ecb00000)
  from space 5120K, 99% used [0x00000000ecb00000,0x00000000ecff8ff0,0x00000000ed000000)
  to   space 5120K, 0% used [0x00000000ed000000,0x00000000ed000000,0x00000000ed500000)
 ParOldGen       total 86016K, used 2059K [0x00000000c0000000, 0x00000000c5400000, 0x00000000eab00000)
  object space 86016K, 2% used [0x00000000c0000000,0x00000000c0202f18,0x00000000c5400000)
 Metaspace       used 5629K, capacity 6896K, committed 7040K, reserved 1056768K
  class space    used 548K, capacity 616K, committed 640K, reserved 1048576K

Card table byte_map: [0x0000000011d70000,0x0000000011f80000] byte_map_base: 0x0000000011770000

Marking Bits: (ParMarkBitMap*) 0x0000000063269d00
 Begin Bits: [0x00000000124e0000, 0x00000000134e0000)
 End Bits:   [0x00000000134e0000, 0x00000000144e0000)

Polling page: 0x0000000000bc0000

CodeCache: size=245760Kb used=5252Kb max_used=5269Kb free=240507Kb
 bounds [0x00000000029b0000, 0x0000000002ee0000, 0x00000000119b0000]
 total_blobs=1503 nmethods=1242 adapters=175
 compilation: enabled

Compilation events (10 events):
Event: 2.738 Thread 0x00000000150dd800 1252       3       com.android.dx.dex.code.RopTranslator::pickOrder (400 bytes)
Event: 2.741 Thread 0x00000000150dd800 nmethod 1252 0x0000000002eca090 code [0x0000000002eca3c0, 0x0000000002ecc4d8]
Event: 2.741 Thread 0x00000000150dd800 1253       3       com.android.dx.dex.code.RopTranslator$TranslationVisitor::visitThrowingInsn (118 bytes)
Event: 2.742 Thread 0x00000000150dd800 nmethod 1253 0x0000000002ecd7d0 code [0x0000000002ecdae0, 0x0000000002ecf3e8]
Event: 2.762 Thread 0x000000001507e800 nmethod 1228 0x0000000002ed5190 code [0x0000000002ed5440, 0x0000000002ed7708]
Event: 2.762 Thread 0x000000001507e800 1229 %     4       java.util.BitSet::cardinality @ 4 (32 bytes)
Event: 2.765 Thread 0x000000001507e800 nmethod 1229% 0x0000000002ea0d10 code [0x0000000002ea0e60, 0x0000000002ea0fd8]
Event: 2.765 Thread 0x000000001507e800 1232       4       java.util.HashMap::get (23 bytes)
Event: 2.769 Thread 0x000000001507e800 nmethod 1232 0x0000000002ed1cd0 code [0x0000000002ed1e20, 0x0000000002ed2098]
Event: 2.769 Thread 0x000000001507e800 1231       4       com.android.dx.ssa.LocalVariableExtractor::processBlock (383 bytes)

GC Heap History (2 events):
Event: 2.261 GC heap before
{Heap before GC invocations=1 (full 0):
 PSYoungGen      total 37888K, used 32768K [0x00000000eab00000, 0x00000000ed500000, 0x0000000100000000)
  eden space 32768K, 100% used [0x00000000eab00000,0x00000000ecb00000,0x00000000ecb00000)
  from space 5120K, 0% used [0x00000000ed000000,0x00000000ed000000,0x00000000ed500000)
  to   space 5120K, 0% used [0x00000000ecb00000,0x00000000ecb00000,0x00000000ed000000)
 ParOldGen       total 86016K, used 0K [0x00000000c0000000, 0x00000000c5400000, 0x00000000eab00000)
  object space 86016K, 0% used [0x00000000c0000000,0x00000000c0000000,0x00000000c5400000)
 Metaspace       used 5583K, capacity 6832K, committed 7040K, reserved 1056768K
  class space    used 547K, capacity 616K, committed 640K, reserved 1048576K
Event: 2.333 GC heap after
Heap after GC invocations=1 (full 0):
 PSYoungGen      total 37888K, used 5091K [0x00000000eab00000, 0x00000000ed500000, 0x0000000100000000)
  eden space 32768K, 0% used [0x00000000eab00000,0x00000000eab00000,0x00000000ecb00000)
  from space 5120K, 99% used [0x00000000ecb00000,0x00000000ecff8ff0,0x00000000ed000000)
  to   space 5120K, 0% used [0x00000000ed000000,0x00000000ed000000,0x00000000ed500000)
 ParOldGen       total 86016K, used 2059K [0x00000000c0000000, 0x00000000c5400000, 0x00000000eab00000)
  object space 86016K, 2% used [0x00000000c0000000,0x00000000c0202f18,0x00000000c5400000)
 Metaspace       used 5583K, capacity 6832K, committed 7040K, reserved 1056768K
  class space    used 547K, capacity 616K, committed 640K, reserved 1048576K
}

Deoptimization events (10 events):
Event: 2.044 Thread 0x0000000016b08000 Uncommon trap: reason=bimorphic action=maybe_recompile pc=0x0000000002be7194 method=java.util.HashMap.getNode(ILjava/lang/Object;)Ljava/util/HashMap$Node; @ 126
Event: 2.044 Thread 0x0000000016b08000 Uncommon trap: reason=bimorphic action=maybe_recompile pc=0x0000000002c92034 method=java.util.HashMap.getNode(ILjava/lang/Object;)Ljava/util/HashMap$Node; @ 126
Event: 2.061 Thread 0x0000000016b08000 Uncommon trap: reason=class_check action=maybe_recompile pc=0x0000000002d05acc method=com.android.dx.ssa.NormalSsaInsn.accept(Lcom/android/dx/ssa/SsaInsn$Visitor;)V @ 9
Event: 2.061 Thread 0x0000000016b08000 Uncommon trap: reason=class_check action=maybe_recompile pc=0x0000000002d05acc method=com.android.dx.ssa.NormalSsaInsn.accept(Lcom/android/dx/ssa/SsaInsn$Visitor;)V @ 9
Event: 2.343 Thread 0x00000000028b1000 Uncommon trap: reason=class_check action=maybe_recompile pc=0x0000000002e01fc4 method=com.android.dx.cf.code.BytecodeArray.parseInstruction(ILcom/android/dx/cf/code/BytecodeArray$Visitor;)I @ 1130
Event: 2.343 Thread 0x00000000028b1000 Uncommon trap: reason=bimorphic action=maybe_recompile pc=0x0000000002e01d5c method=com.android.dx.cf.code.BytecodeArray.parseInstruction(ILcom/android/dx/cf/code/BytecodeArray$Visitor;)I @ 987
Event: 2.343 Thread 0x00000000028b1000 Uncommon trap: reason=class_check action=maybe_recompile pc=0x0000000002e01fc4 method=com.android.dx.cf.code.BytecodeArray.parseInstruction(ILcom/android/dx/cf/code/BytecodeArray$Visitor;)I @ 1130
Event: 2.343 Thread 0x00000000028b1000 Uncommon trap: reason=class_check action=maybe_recompile pc=0x0000000002e01fc4 method=com.android.dx.cf.code.BytecodeArray.parseInstruction(ILcom/android/dx/cf/code/BytecodeArray$Visitor;)I @ 1130
Event: 2.343 Thread 0x00000000028b1000 Uncommon trap: reason=class_check action=maybe_recompile pc=0x0000000002e01fc4 method=com.android.dx.cf.code.BytecodeArray.parseInstruction(ILcom/android/dx/cf/code/BytecodeArray$Visitor;)I @ 1130
Event: 2.379 Thread 0x0000000016b08000 Uncommon trap: reason=null_check action=make_not_entrant pc=0x0000000002e53900 method=com.android.dx.ssa.SsaRenamer.getLocalForNewReg(I)Lcom/android/dx/rop/code/LocalItem; @ 19

Internal exceptions (3 events):
Event: 0.098 Thread 0x00000000028b1000 Exception <a 'java/lang/NoSuchMethodError': Method sun.misc.Unsafe.defineClass(Ljava/lang/String;[BII)Ljava/lang/Class; name or signature does not match> (0x00000000eab07cc0) thrown at [C:\src\android\AOSP-openjdk\external\jetbrains\jdk\hotspot\src\share\vŒk|³¹?
Event: 0.098 Thread 0x00000000028b1000 Exception <a 'java/lang/NoSuchMethodError': Method sun.misc.Unsafe.prefetchRead(Ljava/lang/Object;J)V name or signature does not match> (0x00000000eab07fa8) thrown at [C:\src\android\AOSP-openjdk\external\jetbrains\jdk\hotspot\src\share\vm\prims\jni.cpp, l=‡ôž³@
Event: 2.379 Thread 0x0000000016b08000 Implicit null exception at 0x0000000002e523ca to 0x0000000002e538d9

Events (10 events):
Event: 2.500 loading class java/util/HashMap$KeySet done
Event: 2.500 loading class java/util/HashMap$KeyIterator
Event: 2.500 loading class java/util/HashMap$KeyIterator done
Event: 2.533 Thread 0x0000000016c30000 Thread exited: 0x0000000016c30000
Event: 2.690 Thread 0x0000000016b08000 DEOPT PACKING pc=0x0000000002d4b7c1 sp=0x00000000170be990
Event: 2.690 Thread 0x0000000016b08000 DEOPT UNPACKING pc=0x00000000029f75bf sp=0x00000000170be758 mode 0
Event: 2.728 Thread 0x0000000016c2c000 Thread exited: 0x0000000016c2c000
Event: 2.732 Thread 0x0000000016c25800 DEOPT PACKING pc=0x0000000002d4b7c1 sp=0x00000000172bed40
Event: 2.732 Thread 0x0000000016c25800 DEOPT UNPACKING pc=0x00000000029f75bf sp=0x00000000172beb08 mode 0
Event: 2.743 Thread 0x0000000016c25800 Thread exited: 0x0000000016c25800


Dynamic libraries:
0x00007ff6b27b0000 - 0x00007ff6b27e1000 	F:\Projects\Android Studio\Android Studio\jre\bin\java.exe
0x00007ffa43520000 - 0x00007ffa436f1000 	C:\Windows\SYSTEM32\ntdll.dll
0x00007ffa42ce0000 - 0x00007ffa42d8b000 	C:\Windows\System32\KERNEL32.DLL
0x00007ffa3fab0000 - 0x00007ffa3fccd000 	C:\Windows\System32\KERNELBASE.dll
0x00007ffa424d0000 - 0x00007ffa42572000 	C:\Windows\System32\ADVAPI32.dll
0x00007ffa43040000 - 0x00007ffa430de000 	C:\Windows\System32\msvcrt.dll
0x00007ffa42790000 - 0x00007ffa427e9000 	C:\Windows\System32\sechost.dll
0x00007ffa430e0000 - 0x00007ffa43201000 	C:\Windows\System32\RPCRT4.dll
0x00007ffa40ab0000 - 0x00007ffa40c15000 	C:\Windows\System32\USER32.dll
0x00007ffa3fdd0000 - 0x00007ffa3fdee000 	C:\Windows\System32\win32u.dll
0x00007ffa434e0000 - 0x00007ffa43514000 	C:\Windows\System32\GDI32.dll
0x00007ffa40920000 - 0x00007ffa40aa2000 	C:\Windows\System32\gdi32full.dll
0x00007ffa38a40000 - 0x00007ffa38cba000 	C:\Windows\WinSxS\amd64_microsoft.windows.common-controls_6595b64144ccf1df_6.0.14393.953_none_42151e83c686086b\COMCTL32.dll
0x00007ffa43210000 - 0x00007ffa434d8000 	C:\Windows\System32\combase.dll
0x00007ffa3fcd0000 - 0x00007ffa3fdc5000 	C:\Windows\System32\ucrtbase.dll
0x00007ffa40180000 - 0x00007ffa401ea000 	C:\Windows\System32\bcryptPrimitives.dll
0x00007ffa422e0000 - 0x00007ffa4230e000 	C:\Windows\System32\IMM32.DLL
0x0000000063870000 - 0x0000000063942000 	F:\Projects\Android Studio\Android Studio\jre\jre\bin\msvcr100.dll
0x0000000062ab0000 - 0x00000000632e4000 	F:\Projects\Android Studio\Android Studio\jre\jre\bin\server\jvm.dll
0x00007ffa42130000 - 0x00007ffa42138000 	C:\Windows\System32\PSAPI.DLL
0x00007ffa3c510000 - 0x00007ffa3c519000 	C:\Windows\SYSTEM32\WSOCK32.dll
0x00007ffa42720000 - 0x00007ffa4278a000 	C:\Windows\System32\WS2_32.dll
0x00007ffa3dae0000 - 0x00007ffa3db03000 	C:\Windows\SYSTEM32\WINMM.dll
0x00007ffa39510000 - 0x00007ffa3951a000 	C:\Windows\SYSTEM32\VERSION.dll
0x00007ffa3da80000 - 0x00007ffa3daab000 	C:\Windows\SYSTEM32\WINMMBASE.dll
0x00007ffa401f0000 - 0x00007ffa40232000 	C:\Windows\System32\cfgmgr32.dll
0x00007ffa3dbc0000 - 0x00007ffa3dbcf000 	F:\Projects\Android Studio\Android Studio\jre\jre\bin\verify.dll
0x00007ffa28f50000 - 0x00007ffa28f79000 	F:\Projects\Android Studio\Android Studio\jre\jre\bin\java.dll
0x00007ffa2ae30000 - 0x00007ffa2ae46000 	F:\Projects\Android Studio\Android Studio\jre\jre\bin\zip.dll
0x00007ffa40c20000 - 0x00007ffa42129000 	C:\Windows\System32\SHELL32.dll
0x00007ffa40240000 - 0x00007ffa4091a000 	C:\Windows\System32\windows.storage.dll
0x00007ffa3f980000 - 0x00007ffa3f9cc000 	C:\Windows\System32\powrprof.dll
0x00007ffa42310000 - 0x00007ffa42362000 	C:\Windows\System32\shlwapi.dll
0x00007ffa3fa00000 - 0x00007ffa3fa0f000 	C:\Windows\System32\kernel.appcore.dll
0x00007ffa400d0000 - 0x00007ffa40179000 	C:\Windows\System32\shcore.dll
0x00007ffa3f9d0000 - 0x00007ffa3f9e4000 	C:\Windows\System32\profapi.dll

VM Arguments:
jvm_args: -Djava.awt.headless=true -Xmx1024M -Dfile.encoding=windows-1252 -Duser.country=US -Duser.language=en -Duser.variant 
java_command: com.android.dx.command.Main --dex --force-jumbo --num-threads=4 --multi-dex --output F:\Projects\Android Studio\Projects\RTTest\app\build\intermediates\transforms\dex\debug\folders\1000\5\slice_1 F:\Projects\Android Studio\Projects\RTTest\app\build\intermediates\transforms\instantRunSlicer\debug\folders\1\5\slice_1
java_class_path (initial): F:\Projects\Android Studio\sdk\build-tools\23.0.0\lib\dx.jar
Launcher Type: SUN_STANDARD

Environment Variables:
JAVA_HOME=C:\Program Files\Java\jdk1.8.0_121
PATH=C:\ProgramData\Oracle\Java\javapath;C:\Windows\system32;C:\Windows;C:\Windows\System32\Wbem;C:\Windows\System32\WindowsPowerShell\v1.0\;C:\Program Files (x86)\NVIDIA Corporation\PhysX\Common;C:\Program Files\Condusiv Technologies\ExpressCache\;C:\Users\Disctanger\AppData\Local\Microsoft\WindowsApps;
USERNAME=Disctanger
OS=Windows_NT
PROCESSOR_IDENTIFIER=Intel64 Family 6 Model 58 Stepping 9, GenuineIntel



---------------  S Y S T E M  ---------------

OS: Windows 10.0 , 64 bit Build 14393 (10.0.14393.0)

CPU:total 4 (2 cores per cpu, 2 threads per core) family 6 model 58 stepping 9, cmov, cx8, fxsr, mmx, sse, sse2, sse3, ssse3, sse4.1, sse4.2, popcnt, avx, aes, clmul, erms, ht, tsc, tscinvbit, tscinv

Memory: 4k page, physical 8205832k(1101864k free), swap 10148360k(5644k free)

vm_info: OpenJDK 64-Bit Server VM (25.76-b03) for windows-amd64 JRE (1.8.0_76-release-b03), built on Jun 29 2016 19:09:20 by "ralucas" with MS VC++ 10.0 (VS2010)

time: Thu Apr 06 23:32:13 2017
elapsed time: 2 seconds (0d 0h 0m 2s)

