#
# There is insufficient memory for the Java Runtime Environment to continue.
# Native memory allocation (malloc) failed to allocate 1048576 bytes for AllocateHeap
# Possible reasons:
#   The system is out of physical RAM or swap space
#   In 32 bit mode, the process size limit was hit
# Possible solutions:
#   Reduce memory load on the system
#   Increase physical memory or swap space
#   Check if swap backing store is full
#   Use 64 bit Java on a 64 bit OS
#   Decrease Java heap size (-Xmx/-Xms)
#   Decrease number of Java threads
#   Decrease Java thread stack sizes (-Xss)
#   Set larger code cache with -XX:ReservedCodeCacheSize=
# This output file may be truncated or incomplete.
#
#  Out of Memory Error (memory/allocation.inline.hpp:61), pid=13120, tid=0x00000000000022c0
#
# JRE version:  (8.0_76-b03) (build )
# Java VM: OpenJDK 64-Bit Server VM (25.76-b03 mixed mode windows-amd64 compressed oops)
# Failed to write core dump. Minidumps are not enabled by default on client versions of Windows
#

---------------  T H R E A D  ---------------

Current thread (0x00000000023f1000):  JavaThread "Unknown thread" [_thread_in_vm, id=8896, stack(0x00000000022c0000,0x00000000023c0000)]

Stack: [0x00000000022c0000,0x00000000023c0000]
[error occurred during error reporting (printing stack bounds), id 0xc0000005]

Native frames: (J=compiled Java code, j=interpreted, Vv=VM code, C=native code)


---------------  P R O C E S S  ---------------

Java Threads: ( => current thread )

Other Threads:

=>0x00000000023f1000 (exited) JavaThread "Unknown thread" [_thread_in_vm, id=8896, stack(0x00000000022c0000,0x00000000023c0000)]

VM state:not at safepoint (normal execution)

VM Mutex/Monitor currently owned by a thread: None

Heap:
 PSYoungGen      total 37888K, used 655K [0x00000000eab00000, 0x00000000ed500000, 0x0000000100000000)
  eden space 32768K, 2% used [0x00000000eab00000,0x00000000eaba3d80,0x00000000ecb00000)
  from space 5120K, 0% used [0x00000000ed000000,0x00000000ed000000,0x00000000ed500000)
  to   space 5120K, 0% used [0x00000000ecb00000,0x00000000ecb00000,0x00000000ed000000)
 ParOldGen       total 86016K, used 0K [0x00000000c0000000, 0x00000000c5400000, 0x00000000eab00000)
  object space 86016K, 0% used [0x00000000c0000000,0x00000000c0000000,0x00000000c5400000)
 Metaspace       used 771K, capacity 4480K, committed 4480K, reserved 1056768K
  class space    used 73K, capacity 384K, committed 384K, reserved 1048576K

Card table byte_map: [0x00000000118c0000,0x0000000011ad0000] byte_map_base: 0x00000000112c0000

Marking Bits: (ParMarkBitMap*) 0x0000000063269d00
 Begin Bits: [0x0000000012030000, 0x0000000013030000)
 End Bits:   [0x0000000013030000, 0x0000000014030000)

Polling page: 0x00000000023d0000

CodeCache: size=245760Kb used=328Kb max_used=328Kb free=245431Kb
 bounds [0x0000000002500000, 0x0000000002770000, 0x0000000011500000]
 total_blobs=57 nmethods=0 adapters=38
 compilation: enabled

Compilation events (0 events):
No events

GC Heap History (0 events):
No events

Deoptimization events (0 events):
No events

Internal exceptions (0 events):
No events

Events (10 events):
Event: 0.059 loading class java/lang/Short
Event: 0.059 loading class java/lang/Short done
Event: 0.059 loading class java/lang/Integer
Event: 0.060 loading class java/lang/Integer done
Event: 0.060 loading class java/lang/Long
Event: 0.060 loading class java/lang/Long done
Event: 0.063 loading class java/lang/NullPointerException
Event: 0.063 loading class java/lang/NullPointerException done
Event: 0.063 loading class java/lang/ArithmeticException
Event: 0.077 loading class java/lang/ArithmeticException done


Dynamic libraries:
0x00007ff6b27b0000 - 0x00007ff6b27e1000 	F:\Projects\Android Studio\Android Studio\jre\bin\java.exe
0x00007ffa43520000 - 0x00007ffa436f1000 	C:\Windows\SYSTEM32\ntdll.dll
0x00007ffa42ce0000 - 0x00007ffa42d8b000 	C:\Windows\System32\KERNEL32.DLL
0x00007ffa3fab0000 - 0x00007ffa3fccd000 	C:\Windows\System32\KERNELBASE.dll
0x00007ffa424d0000 - 0x00007ffa42572000 	C:\Windows\System32\ADVAPI32.dll
0x00007ffa43040000 - 0x00007ffa430de000 	C:\Windows\System32\msvcrt.dll
0x00007ffa42790000 - 0x00007ffa427e9000 	C:\Windows\System32\sechost.dll
0x00007ffa430e0000 - 0x00007ffa43201000 	C:\Windows\System32\RPCRT4.dll
0x00007ffa40ab0000 - 0x00007ffa40c15000 	C:\Windows\System32\USER32.dll
0x00007ffa3fdd0000 - 0x00007ffa3fdee000 	C:\Windows\System32\win32u.dll
0x00007ffa434e0000 - 0x00007ffa43514000 	C:\Windows\System32\GDI32.dll
0x00007ffa40920000 - 0x00007ffa40aa2000 	C:\Windows\System32\gdi32full.dll
0x00007ffa38a40000 - 0x00007ffa38cba000 	C:\Windows\WinSxS\amd64_microsoft.windows.common-controls_6595b64144ccf1df_6.0.14393.953_none_42151e83c686086b\COMCTL32.dll
0x00007ffa43210000 - 0x00007ffa434d8000 	C:\Windows\System32\combase.dll
0x00007ffa3fcd0000 - 0x00007ffa3fdc5000 	C:\Windows\System32\ucrtbase.dll
0x00007ffa40180000 - 0x00007ffa401ea000 	C:\Windows\System32\bcryptPrimitives.dll
0x00007ffa422e0000 - 0x00007ffa4230e000 	C:\Windows\System32\IMM32.DLL
0x0000000063870000 - 0x0000000063942000 	F:\Projects\Android Studio\Android Studio\jre\jre\bin\msvcr100.dll
0x0000000062ab0000 - 0x00000000632e4000 	F:\Projects\Android Studio\Android Studio\jre\jre\bin\server\jvm.dll
0x00007ffa42130000 - 0x00007ffa42138000 	C:\Windows\System32\PSAPI.DLL
0x00007ffa3c510000 - 0x00007ffa3c519000 	C:\Windows\SYSTEM32\WSOCK32.dll
0x00007ffa42720000 - 0x00007ffa4278a000 	C:\Windows\System32\WS2_32.dll
0x00007ffa3dae0000 - 0x00007ffa3db03000 	C:\Windows\SYSTEM32\WINMM.dll
0x00007ffa39510000 - 0x00007ffa3951a000 	C:\Windows\SYSTEM32\VERSION.dll
0x00007ffa3da80000 - 0x00007ffa3daab000 	C:\Windows\SYSTEM32\WINMMBASE.dll
0x00007ffa401f0000 - 0x00007ffa40232000 	C:\Windows\System32\cfgmgr32.dll
0x00007ffa3dbc0000 - 0x00007ffa3dbcf000 	F:\Projects\Android Studio\Android Studio\jre\jre\bin\verify.dll
0x00007ffa28f50000 - 0x00007ffa28f79000 	F:\Projects\Android Studio\Android Studio\jre\jre\bin\java.dll
0x00007ffa2ae30000 - 0x00007ffa2ae46000 	F:\Projects\Android Studio\Android Studio\jre\jre\bin\zip.dll

VM Arguments:
jvm_args: -Djava.awt.headless=true -Xmx1024M -Dfile.encoding=windows-1252 -Duser.country=US -Duser.language=en -Duser.variant 
java_command: com.android.dx.command.Main --dex --force-jumbo --num-threads=4 --multi-dex --output F:\Projects\Android Studio\Projects\RTTest\app\build\intermediates\transforms\dex\debug\folders\1000\5\slice_2 F:\Projects\Android Studio\Projects\RTTest\app\build\intermediates\transforms\instantRunSlicer\debug\folders\1\5\slice_2
java_class_path (initial): F:\Projects\Android Studio\sdk\build-tools\23.0.0\lib\dx.jar
Launcher Type: SUN_STANDARD

Environment Variables:
JAVA_HOME=C:\Program Files\Java\jdk1.8.0_121
PATH=C:\ProgramData\Oracle\Java\javapath;C:\Windows\system32;C:\Windows;C:\Windows\System32\Wbem;C:\Windows\System32\WindowsPowerShell\v1.0\;C:\Program Files (x86)\NVIDIA Corporation\PhysX\Common;C:\Program Files\Condusiv Technologies\ExpressCache\;C:\Users\Disctanger\AppData\Local\Microsoft\WindowsApps;
USERNAME=Disctanger
OS=Windows_NT
PROCESSOR_IDENTIFIER=Intel64 Family 6 Model 58 Stepping 9, GenuineIntel



---------------  S Y S T E M  ---------------

OS: Windows 10.0 , 64 bit Build 14393 (10.0.14393.0)

CPU:total 4 (2 cores per cpu, 2 threads per core) family 6 model 58 stepping 9, cmov, cx8, fxsr, mmx, sse, sse2, sse3, ssse3, sse4.1, sse4.2, popcnt, avx, aes, clmul, erms, ht, tsc, tscinvbit, tscinv

Memory: 4k page, physical 8205832k(1350484k free), swap 10148360k(6432k free)

vm_info: OpenJDK 64-Bit Server VM (25.76-b03) for windows-amd64 JRE (1.8.0_76-release-b03), built on Jun 29 2016 19:09:20 by "ralucas" with MS VC++ 10.0 (VS2010)

time: Thu Apr 06 23:32:09 2017
elapsed time: 0 seconds (0d 0h 0m 0s)

