#
# There is insufficient memory for the Java Runtime Environment to continue.
# Native memory allocation (malloc) failed to allocate 32784 bytes for Chunk::new
# Possible reasons:
#   The system is out of physical RAM or swap space
#   In 32 bit mode, the process size limit was hit
# Possible solutions:
#   Reduce memory load on the system
#   Increase physical memory or swap space
#   Check if swap backing store is full
#   Use 64 bit Java on a 64 bit OS
#   Decrease Java heap size (-Xmx/-Xms)
#   Decrease number of Java threads
#   Decrease Java thread stack sizes (-Xss)
#   Set larger code cache with -XX:ReservedCodeCacheSize=
# This output file may be truncated or incomplete.
#
#  Out of Memory Error (allocation.cpp:390), pid=11484, tid=0x000000000000069c
#
# JRE version: OpenJDK Runtime Environment (8.0_76-b03) (build 1.8.0_76-release-b03)
# Java VM: OpenJDK 64-Bit Server VM (25.76-b03 mixed mode windows-amd64 compressed oops)
# Failed to write core dump. Minidumps are not enabled by default on client versions of Windows
#

---------------  T H R E A D  ---------------

Current thread (0x0000000014a8e800):  JavaThread "C2 CompilerThread1" daemon [_thread_in_native, id=1692, stack(0x0000000016210000,0x0000000016310000)]

Stack: [0x0000000016210000,0x0000000016310000]
[error occurred during error reporting (printing stack bounds), id 0xc0000005]

Native frames: (J=compiled Java code, j=interpreted, Vv=VM code, C=native code)


Current CompileTask:
C2:   2835 1564       4       com.android.dx.ssa.LocalVariableExtractor::processBlock (383 bytes)


---------------  P R O C E S S  ---------------

Java Threads: ( => current thread )
  0x000000001659a800 JavaThread "pool-2-thread-4" [_thread_blocked, id=7952, stack(0x0000000016e10000,0x0000000016f10000)]
  0x0000000016592800 JavaThread "pool-2-thread-3" [_thread_blocked, id=7780, stack(0x0000000016d10000,0x0000000016e10000)]
  0x0000000016592000 JavaThread "pool-2-thread-2" [_thread_blocked, id=5152, stack(0x0000000016c10000,0x0000000016d10000)]
  0x000000001657f800 JavaThread "pool-3-thread-1" [_thread_blocked, id=10468, stack(0x0000000016b10000,0x0000000016c10000)]
  0x000000001657f000 JavaThread "pool-2-thread-1" [_thread_blocked, id=8532, stack(0x0000000016a10000,0x0000000016b10000)]
  0x0000000016323000 JavaThread "Service Thread" daemon [_thread_blocked, id=2868, stack(0x0000000016810000,0x0000000016910000)]
  0x0000000014aeb000 JavaThread "C1 CompilerThread2" daemon [_thread_blocked, id=6404, stack(0x0000000016710000,0x0000000016810000)]
=>0x0000000014a8e800 JavaThread "C2 CompilerThread1" daemon [_thread_in_native, id=1692, stack(0x0000000016210000,0x0000000016310000)]
  0x0000000014a8c800 JavaThread "C2 CompilerThread0" daemon [_thread_in_native, id=10328, stack(0x0000000016110000,0x0000000016210000)]
  0x0000000014a8a000 JavaThread "Attach Listener" daemon [_thread_blocked, id=12772, stack(0x0000000016010000,0x0000000016110000)]
  0x0000000014a88800 JavaThread "Signal Dispatcher" daemon [_thread_blocked, id=12784, stack(0x0000000015f10000,0x0000000016010000)]
  0x00000000023b5000 JavaThread "Finalizer" daemon [_thread_blocked, id=9984, stack(0x0000000015d20000,0x0000000015e20000)]
  0x00000000023b0000 JavaThread "Reference Handler" daemon [_thread_blocked, id=2376, stack(0x0000000015c20000,0x0000000015d20000)]
  0x00000000022c1000 JavaThread "main" [_thread_in_Java, id=7468, stack(0x00000000021c0000,0x00000000022c0000)]

Other Threads:
  0x0000000014a56800 VMThread [stack: 0x0000000015b20000,0x0000000015c20000] [id=8884]
  0x0000000016324000 WatcherThread [stack: 0x0000000016910000,0x0000000016a10000] [id=8252]

VM state:not at safepoint (normal execution)

VM Mutex/Monitor currently owned by a thread:  ([mutex/lock_event])
[0x00000000021bc6f0] Heap_lock - owner thread: 0x0000000016592800

Heap:
 PSYoungGen      total 37888K, used 5395K [0x00000000eab00000, 0x00000000ed500000, 0x0000000100000000)
  eden space 32768K, 0% used [0x00000000eab00000,0x00000000eab4b358,0x00000000ecb00000)
  from space 5120K, 99% used [0x00000000ed000000,0x00000000ed4f9c98,0x00000000ed500000)
  to   space 5120K, 0% used [0x00000000ecb00000,0x00000000ecb00000,0x00000000ed000000)
 ParOldGen       total 86016K, used 6399K [0x00000000c0000000, 0x00000000c5400000, 0x00000000eab00000)
  object space 86016K, 7% used [0x00000000c0000000,0x00000000c063fc98,0x00000000c5400000)
 Metaspace       used 6068K, capacity 7088K, committed 7296K, reserved 1056768K
  class space    used 569K, capacity 616K, committed 640K, reserved 1048576K

Card table byte_map: [0x0000000011780000,0x0000000011990000] byte_map_base: 0x0000000011180000

Marking Bits: (ParMarkBitMap*) 0x0000000063269d00
 Begin Bits: [0x0000000011ef0000, 0x0000000012ef0000)
 End Bits:   [0x0000000012ef0000, 0x0000000013ef0000)

Polling page: 0x0000000000650000

CodeCache: size=245760Kb used=6545Kb max_used=6557Kb free=239214Kb
 bounds [0x00000000023c0000, 0x0000000002a30000, 0x00000000113c0000]
 total_blobs=1820 nmethods=1551 adapters=182
 compilation: enabled

Compilation events (10 events):
Event: 2.683 Thread 0x0000000014aeb000 1562       3       com.android.dx.ssa.SCCP::simulateBranch (666 bytes)
Event: 2.684 Thread 0x0000000014a8e800 nmethod 1552 0x0000000002a24a10 code [0x0000000002a24c60, 0x0000000002a26470]
Event: 2.684 Thread 0x0000000014a8e800 1558       4       com.android.dx.util.IntList::mutableCopy (39 bytes)
Event: 2.687 Thread 0x0000000014aeb000 nmethod 1562 0x0000000002a27710 code [0x0000000002a27bc0, 0x0000000002a2b778]
Event: 2.687 Thread 0x0000000014aeb000 1563       3       com.android.dx.util.IntList::makeImmutable (25 bytes)
Event: 2.687 Thread 0x0000000014aeb000 nmethod 1563 0x0000000002a13d50 code [0x0000000002a13ee0, 0x0000000002a14308]
Event: 2.688 Thread 0x0000000014aeb000 1565       3       com.android.dx.cf.attrib.RawAttribute::byteLength (11 bytes)
Event: 2.688 Thread 0x0000000014aeb000 nmethod 1565 0x0000000002a15750 code [0x0000000002a158a0, 0x0000000002a15a90]
Event: 2.824 Thread 0x0000000014a8e800 nmethod 1558 0x0000000002a13290 code [0x0000000002a13400, 0x0000000002a139b8]
Event: 2.824 Thread 0x0000000014a8e800 1564       4       com.android.dx.ssa.LocalVariableExtractor::processBlock (383 bytes)

GC Heap History (4 events):
Event: 1.512 GC heap before
{Heap before GC invocations=1 (full 0):
 PSYoungGen      total 37888K, used 32768K [0x00000000eab00000, 0x00000000ed500000, 0x0000000100000000)
  eden space 32768K, 100% used [0x00000000eab00000,0x00000000ecb00000,0x00000000ecb00000)
  from space 5120K, 0% used [0x00000000ed000000,0x00000000ed000000,0x00000000ed500000)
  to   space 5120K, 0% used [0x00000000ecb00000,0x00000000ecb00000,0x00000000ed000000)
 ParOldGen       total 86016K, used 0K [0x00000000c0000000, 0x00000000c5400000, 0x00000000eab00000)
  object space 86016K, 0% used [0x00000000c0000000,0x00000000c0000000,0x00000000c5400000)
 Metaspace       used 5899K, capacity 6960K, committed 7040K, reserved 1056768K
  class space    used 569K, capacity 616K, committed 640K, reserved 1048576K
Event: 1.523 GC heap after
Heap after GC invocations=1 (full 0):
 PSYoungGen      total 37888K, used 5111K [0x00000000eab00000, 0x00000000ed500000, 0x0000000100000000)
  eden space 32768K, 0% used [0x00000000eab00000,0x00000000eab00000,0x00000000ecb00000)
  from space 5120K, 99% used [0x00000000ecb00000,0x00000000ecffdc88,0x00000000ed000000)
  to   space 5120K, 0% used [0x00000000ed000000,0x00000000ed000000,0x00000000ed500000)
 ParOldGen       total 86016K, used 1765K [0x00000000c0000000, 0x00000000c5400000, 0x00000000eab00000)
  object space 86016K, 2% used [0x00000000c0000000,0x00000000c01b9700,0x00000000c5400000)
 Metaspace       used 5899K, capacity 6960K, committed 7040K, reserved 1056768K
  class space    used 569K, capacity 616K, committed 640K, reserved 1048576K
}
Event: 2.688 GC heap before
{Heap before GC invocations=2 (full 0):
 PSYoungGen      total 37888K, used 37879K [0x00000000eab00000, 0x00000000ed500000, 0x0000000100000000)
  eden space 32768K, 100% used [0x00000000eab00000,0x00000000ecb00000,0x00000000ecb00000)
  from space 5120K, 99% used [0x00000000ecb00000,0x00000000ecffdc88,0x00000000ed000000)
  to   space 5120K, 0% used [0x00000000ed000000,0x00000000ed000000,0x00000000ed500000)
 ParOldGen       total 86016K, used 1765K [0x00000000c0000000, 0x00000000c5400000, 0x00000000eab00000)
  object space 86016K, 2% used [0x00000000c0000000,0x00000000c01b9700,0x00000000c5400000)
 Metaspace       used 6068K, capacity 7088K, committed 7296K, reserved 1056768K
  class space    used 569K, capacity 616K, committed 640K, reserved 1048576K
Event: 2.823 GC heap after
Heap after GC invocations=2 (full 0):
 PSYoungGen      total 37888K, used 5095K [0x00000000eab00000, 0x00000000ed500000, 0x0000000100000000)
  eden space 32768K, 0% used [0x00000000eab00000,0x00000000eab00000,0x00000000ecb00000)
  from space 5120K, 99% used [0x00000000ed000000,0x00000000ed4f9c98,0x00000000ed500000)
  to   space 5120K, 0% used [0x00000000ecb00000,0x00000000ecb00000,0x00000000ed000000)
 ParOldGen       total 86016K, used 6399K [0x00000000c0000000, 0x00000000c5400000, 0x00000000eab00000)
  object space 86016K, 7% used [0x00000000c0000000,0x00000000c063fc98,0x00000000c5400000)
 Metaspace       used 6068K, capacity 7088K, committed 7296K, reserved 1056768K
  class space    used 569K, capacity 616K, committed 640K, reserved 1048576K
}

Deoptimization events (10 events):
Event: 1.050 Thread 0x00000000022c1000 Uncommon trap: reason=unstable_if action=reinterpret pc=0x000000000260adb4 method=java.util.BitSet.ensureCapacity(I)V @ 6
Event: 1.484 Thread 0x0000000016592000 Uncommon trap: reason=unstable_if action=reinterpret pc=0x0000000002814c70 method=com.android.dx.ssa.SsaRenamer$BlockRenamer.addMapping(ILcom/android/dx/rop/code/RegisterSpec;)V @ 120
Event: 1.498 Thread 0x00000000022c1000 Uncommon trap: reason=unstable_if action=reinterpret pc=0x00000000027838c4 method=com.android.dx.rop.code.RegisterSpecSet.<init>(I)V @ 2
Event: 2.218 Thread 0x000000001659a800 Uncommon trap: reason=class_check action=maybe_recompile pc=0x000000000297ae5c method=com.android.dx.ssa.SsaMethod.isRegALocal(Lcom/android/dx/rop/code/RegisterSpec;)Z @ 16
Event: 2.218 Thread 0x000000001659a800 Uncommon trap: reason=class_check action=maybe_recompile pc=0x000000000297ae5c method=com.android.dx.ssa.SsaMethod.isRegALocal(Lcom/android/dx/rop/code/RegisterSpec;)Z @ 16
Event: 2.219 Thread 0x000000001659a800 Uncommon trap: reason=class_check action=maybe_recompile pc=0x000000000297ae5c method=com.android.dx.ssa.SsaMethod.isRegALocal(Lcom/android/dx/rop/code/RegisterSpec;)Z @ 16
Event: 2.219 Thread 0x000000001659a800 Uncommon trap: reason=class_check action=maybe_recompile pc=0x000000000297ae5c method=com.android.dx.ssa.SsaMethod.isRegALocal(Lcom/android/dx/rop/code/RegisterSpec;)Z @ 16
Event: 2.262 Thread 0x0000000016592000 Uncommon trap: reason=unstable_if action=reinterpret pc=0x000000000268f19c method=com.android.dx.rop.cst.Constant.compareTo(Lcom/android/dx/rop/cst/Constant;)I @ 12
Event: 2.682 Thread 0x0000000016592800 Uncommon trap: reason=unstable_if action=reinterpret pc=0x00000000029ed934 method=com.android.dx.ssa.SCCP.simulateBranch(Lcom/android/dx/ssa/SsaInsn;)V @ 64
Event: 2.685 Thread 0x0000000016592800 Uncommon trap: reason=unstable_if action=reinterpret pc=0x00000000027a3ddc method=com.android.dx.ssa.SsaMethod.updateOneDefinition(Lcom/android/dx/ssa/SsaInsn;Lcom/android/dx/rop/code/RegisterSpec;)V @ 4

Internal exceptions (3 events):
Event: 0.097 Thread 0x00000000022c1000 Exception <a 'java/lang/NoSuchMethodError': Method sun.misc.Unsafe.defineClass(Ljava/lang/String;[BII)Ljava/lang/Class; name or signature does not match> (0x00000000eab07cc0) thrown at [C:\src\android\AOSP-openjdk\external\jetbrains\jdk\hotspot\src\share\v≠m‡óÃ˙∏?
Event: 0.098 Thread 0x00000000022c1000 Exception <a 'java/lang/NoSuchMethodError': Method sun.misc.Unsafe.prefetchRead(Ljava/lang/Object;J)V name or signature does not match> (0x00000000eab07fa8) thrown at [C:\src\android\AOSP-openjdk\external\jetbrains\jdk\hotspot\src\share\vm\prims\jni.cpp, l¡&ê°…?
Event: 1.049 Thread 0x00000000022c1000 Implicit null exception at 0x00000000026da8a2 to 0x00000000026da992

Events (10 events):
Event: 2.682 Thread 0x0000000016592800 Uncommon trap: trap_request=0xffffff65 fr.pc=0x00000000029ed934
Event: 2.682 Thread 0x0000000016592800 DEOPT PACKING pc=0x00000000029ed934 sp=0x0000000016e0e790
Event: 2.682 Thread 0x0000000016592800 DEOPT UNPACKING pc=0x000000000240556a sp=0x0000000016e0e780 mode 2
Event: 2.684 loading class com/android/dx/rop/code/RegOps
Event: 2.684 loading class com/android/dx/rop/code/RegOps done
Event: 2.685 Thread 0x0000000016592800 Uncommon trap: trap_request=0xffffff65 fr.pc=0x00000000027a3ddc
Event: 2.685 Thread 0x0000000016592800 DEOPT PACKING pc=0x00000000027a3ddc sp=0x0000000016e0e810
Event: 2.685 Thread 0x0000000016592800 DEOPT UNPACKING pc=0x000000000240556a sp=0x0000000016e0e7b8 mode 2
Event: 2.688 Executing VM operation: ParallelGCFailedAllocation
Event: 2.823 Executing VM operation: ParallelGCFailedAllocation done


Dynamic libraries:
0x00007ff6b27b0000 - 0x00007ff6b27e1000 	F:\Projects\Android Studio\Android Studio\jre\bin\java.exe
0x00007ffa43520000 - 0x00007ffa436f1000 	C:\Windows\SYSTEM32\ntdll.dll
0x00007ffa42ce0000 - 0x00007ffa42d8b000 	C:\Windows\System32\KERNEL32.DLL
0x00007ffa3fab0000 - 0x00007ffa3fccd000 	C:\Windows\System32\KERNELBASE.dll
0x00007ffa424d0000 - 0x00007ffa42572000 	C:\Windows\System32\ADVAPI32.dll
0x00007ffa43040000 - 0x00007ffa430de000 	C:\Windows\System32\msvcrt.dll
0x00007ffa42790000 - 0x00007ffa427e9000 	C:\Windows\System32\sechost.dll
0x00007ffa430e0000 - 0x00007ffa43201000 	C:\Windows\System32\RPCRT4.dll
0x00007ffa40ab0000 - 0x00007ffa40c15000 	C:\Windows\System32\USER32.dll
0x00007ffa3fdd0000 - 0x00007ffa3fdee000 	C:\Windows\System32\win32u.dll
0x00007ffa434e0000 - 0x00007ffa43514000 	C:\Windows\System32\GDI32.dll
0x00007ffa40920000 - 0x00007ffa40aa2000 	C:\Windows\System32\gdi32full.dll
0x00007ffa38a40000 - 0x00007ffa38cba000 	C:\Windows\WinSxS\amd64_microsoft.windows.common-controls_6595b64144ccf1df_6.0.14393.953_none_42151e83c686086b\COMCTL32.dll
0x00007ffa43210000 - 0x00007ffa434d8000 	C:\Windows\System32\combase.dll
0x00007ffa3fcd0000 - 0x00007ffa3fdc5000 	C:\Windows\System32\ucrtbase.dll
0x00007ffa40180000 - 0x00007ffa401ea000 	C:\Windows\System32\bcryptPrimitives.dll
0x00007ffa422e0000 - 0x00007ffa4230e000 	C:\Windows\System32\IMM32.DLL
0x0000000063870000 - 0x0000000063942000 	F:\Projects\Android Studio\Android Studio\jre\jre\bin\msvcr100.dll
0x0000000062ab0000 - 0x00000000632e4000 	F:\Projects\Android Studio\Android Studio\jre\jre\bin\server\jvm.dll
0x00007ffa42130000 - 0x00007ffa42138000 	C:\Windows\System32\PSAPI.DLL
0x00007ffa3dae0000 - 0x00007ffa3db03000 	C:\Windows\SYSTEM32\WINMM.dll
0x00007ffa3c510000 - 0x00007ffa3c519000 	C:\Windows\SYSTEM32\WSOCK32.dll
0x00007ffa42720000 - 0x00007ffa4278a000 	C:\Windows\System32\WS2_32.dll
0x00007ffa39510000 - 0x00007ffa3951a000 	C:\Windows\SYSTEM32\VERSION.dll
0x00007ffa3da80000 - 0x00007ffa3daab000 	C:\Windows\SYSTEM32\WINMMBASE.dll
0x00007ffa401f0000 - 0x00007ffa40232000 	C:\Windows\System32\cfgmgr32.dll
0x00007ffa3dbc0000 - 0x00007ffa3dbcf000 	F:\Projects\Android Studio\Android Studio\jre\jre\bin\verify.dll
0x00007ffa28f50000 - 0x00007ffa28f79000 	F:\Projects\Android Studio\Android Studio\jre\jre\bin\java.dll
0x00007ffa2ae30000 - 0x00007ffa2ae46000 	F:\Projects\Android Studio\Android Studio\jre\jre\bin\zip.dll
0x00007ffa40c20000 - 0x00007ffa42129000 	C:\Windows\System32\SHELL32.dll
0x00007ffa40240000 - 0x00007ffa4091a000 	C:\Windows\System32\windows.storage.dll
0x00007ffa3f980000 - 0x00007ffa3f9cc000 	C:\Windows\System32\powrprof.dll
0x00007ffa42310000 - 0x00007ffa42362000 	C:\Windows\System32\shlwapi.dll
0x00007ffa3fa00000 - 0x00007ffa3fa0f000 	C:\Windows\System32\kernel.appcore.dll
0x00007ffa400d0000 - 0x00007ffa40179000 	C:\Windows\System32\shcore.dll
0x00007ffa3f9d0000 - 0x00007ffa3f9e4000 	C:\Windows\System32\profapi.dll

VM Arguments:
jvm_args: -Djava.awt.headless=true -Xmx1024M -Dfile.encoding=windows-1252 -Duser.country=US -Duser.language=en -Duser.variant 
java_command: com.android.dx.command.Main --dex --force-jumbo --num-threads=4 --multi-dex --output F:\Projects\Android Studio\Projects\RTTest\app\build\intermediates\transforms\dex\debug\folders\1000\10\internal_impl-22.2.0_e8a0a3ac891e7ed4de13b5c5914fa9620c389360 F:\Projects\Android Studio\Projects\RTTest\app\build\intermediates\exploded-aar\com.android.support\support-v4\22.2.0\jars\libs\internal_impl-22.2.0.jar
java_class_path (initial): F:\Projects\Android Studio\sdk\build-tools\23.0.0\lib\dx.jar
Launcher Type: SUN_STANDARD

Environment Variables:
JAVA_HOME=C:\Program Files\Java\jdk1.8.0_121
PATH=C:\ProgramData\Oracle\Java\javapath;C:\Windows\system32;C:\Windows;C:\Windows\System32\Wbem;C:\Windows\System32\WindowsPowerShell\v1.0\;C:\Program Files (x86)\NVIDIA Corporation\PhysX\Common;C:\Program Files\Condusiv Technologies\ExpressCache\;C:\Users\Disctanger\AppData\Local\Microsoft\WindowsApps;
USERNAME=Disctanger
OS=Windows_NT
PROCESSOR_IDENTIFIER=Intel64 Family 6 Model 58 Stepping 9, GenuineIntel



---------------  S Y S T E M  ---------------

OS: Windows 10.0 , 64 bit Build 14393 (10.0.14393.0)

CPU:total 4 (2 cores per cpu, 2 threads per core) family 6 model 58 stepping 9, cmov, cx8, fxsr, mmx, sse, sse2, sse3, ssse3, sse4.1, sse4.2, popcnt, avx, aes, clmul, erms, ht, tsc, tscinvbit, tscinv

Memory: 4k page, physical 8205832k(1101136k free), swap 10148360k(6088k free)

vm_info: OpenJDK 64-Bit Server VM (25.76-b03) for windows-amd64 JRE (1.8.0_76-release-b03), built on Jun 29 2016 19:09:20 by "ralucas" with MS VC++ 10.0 (VS2010)

time: Thu Apr 06 23:32:13 2017
elapsed time: 2 seconds (0d 0h 0m 2s)

