#
# There is insufficient memory for the Java Runtime Environment to continue.
# Native memory allocation (malloc) failed to allocate 32744 bytes for ChunkPool::allocate
# Possible reasons:
#   The system is out of physical RAM or swap space
#   In 32 bit mode, the process size limit was hit
# Possible solutions:
#   Reduce memory load on the system
#   Increase physical memory or swap space
#   Check if swap backing store is full
#   Use 64 bit Java on a 64 bit OS
#   Decrease Java heap size (-Xmx/-Xms)
#   Decrease number of Java threads
#   Decrease Java thread stack sizes (-Xss)
#   Set larger code cache with -XX:ReservedCodeCacheSize=
# This output file may be truncated or incomplete.
#
#  Out of Memory Error (allocation.cpp:273), pid=12324, tid=0x0000000000003254
#
# JRE version: OpenJDK Runtime Environment (8.0_76-b03) (build 1.8.0_76-release-b03)
# Java VM: OpenJDK 64-Bit Server VM (25.76-b03 mixed mode windows-amd64 compressed oops)
# Failed to write core dump. Minidumps are not enabled by default on client versions of Windows
#

---------------  T H R E A D  ---------------

Current thread (0x0000000014c93800):  JavaThread "C2 CompilerThread1" daemon [_thread_in_native, id=12884, stack(0x00000000163a0000,0x00000000164a0000)]

Stack: [0x00000000163a0000,0x00000000164a0000]
[error occurred during error reporting (printing stack bounds), id 0xc0000005]

Native frames: (J=compiled Java code, j=interpreted, Vv=VM code, C=native code)


Current CompileTask:
C2:   4037  480       4       java.util.HashMap::get (23 bytes)


---------------  P R O C E S S  ---------------

Java Threads: ( => current thread )
  0x00000000166e8000 JavaThread "pool-2-thread-4" [_thread_in_Java, id=6196, stack(0x0000000016fa0000,0x00000000170a0000)]
  0x00000000166e6800 JavaThread "pool-2-thread-3" [_thread_in_Java, id=12592, stack(0x0000000016ea0000,0x0000000016fa0000)]
  0x00000000166e1800 JavaThread "pool-2-thread-2" [_thread_in_Java, id=11896, stack(0x0000000016da0000,0x0000000016ea0000)]
  0x00000000165f4000 JavaThread "pool-3-thread-1" [_thread_blocked, id=13016, stack(0x0000000016ca0000,0x0000000016da0000)]
  0x00000000165ec800 JavaThread "pool-2-thread-1" [_thread_blocked, id=13020, stack(0x0000000016ba0000,0x0000000016ca0000)]
  0x00000000164b4800 JavaThread "Service Thread" daemon [_thread_blocked, id=12888, stack(0x00000000169a0000,0x0000000016aa0000)]
  0x0000000014c9c000 JavaThread "C1 CompilerThread2" daemon [_thread_in_native, id=12720, stack(0x00000000168a0000,0x00000000169a0000)]
=>0x0000000014c93800 JavaThread "C2 CompilerThread1" daemon [_thread_in_native, id=12884, stack(0x00000000163a0000,0x00000000164a0000)]
  0x0000000014c3b800 JavaThread "C2 CompilerThread0" daemon [_thread_in_native, id=12520, stack(0x00000000162a0000,0x00000000163a0000)]
  0x0000000014c39000 JavaThread "Attach Listener" daemon [_thread_blocked, id=12836, stack(0x00000000161a0000,0x00000000162a0000)]
  0x0000000014c37800 JavaThread "Signal Dispatcher" daemon [_thread_blocked, id=12812, stack(0x00000000160a0000,0x00000000161a0000)]
  0x000000000256a800 JavaThread "Finalizer" daemon [_thread_blocked, id=12808, stack(0x0000000015eb0000,0x0000000015fb0000)]
  0x0000000002560000 JavaThread "Reference Handler" daemon [_thread_blocked, id=12728, stack(0x0000000015db0000,0x0000000015eb0000)]
  0x0000000002471000 JavaThread "main" [_thread_blocked, id=12568, stack(0x0000000002370000,0x0000000002470000)]

Other Threads:
  0x0000000014c05800 VMThread [stack: 0x0000000015cb0000,0x0000000015db0000] [id=12584]
  0x00000000164aa000 WatcherThread [stack: 0x0000000016aa0000,0x0000000016ba0000] [id=12756]

VM state:not at safepoint (normal execution)

VM Mutex/Monitor currently owned by a thread: None

Heap:
 PSYoungGen      total 37888K, used 10766K [0x00000000eab00000, 0x00000000ed500000, 0x0000000100000000)
  eden space 32768K, 32% used [0x00000000eab00000,0x00000000eb583bf8,0x00000000ecb00000)
  from space 5120K, 0% used [0x00000000ed000000,0x00000000ed000000,0x00000000ed500000)
  to   space 5120K, 0% used [0x00000000ecb00000,0x00000000ecb00000,0x00000000ed000000)
 ParOldGen       total 86016K, used 0K [0x00000000c0000000, 0x00000000c5400000, 0x00000000eab00000)
  object space 86016K, 0% used [0x00000000c0000000,0x00000000c0000000,0x00000000c5400000)
 Metaspace       used 5132K, capacity 6448K, committed 6528K, reserved 1056768K
  class space    used 543K, capacity 616K, committed 640K, reserved 1048576K

Card table byte_map: [0x0000000011930000,0x0000000011b40000] byte_map_base: 0x0000000011330000

Marking Bits: (ParMarkBitMap*) 0x0000000063269d00
 Begin Bits: [0x00000000120a0000, 0x00000000130a0000)
 End Bits:   [0x00000000130a0000, 0x00000000140a0000)

Polling page: 0x0000000000640000

CodeCache: size=245760Kb used=2061Kb max_used=2061Kb free=243698Kb
 bounds [0x0000000002570000, 0x00000000027e0000, 0x0000000011570000]
 total_blobs=713 nmethods=453 adapters=174
 compilation: enabled

Compilation events (10 events):
Event: 4.024 Thread 0x0000000014c3b800  466       4       com.android.dx.util.ByteArray::getUnsignedByte (14 bytes)
Event: 4.024 Thread 0x0000000014c93800  458       4       com.android.dx.util.Bits::set (19 bytes)
Event: 4.025 Thread 0x0000000014c93800 nmethod 458 0x0000000002750ad0 code [0x0000000002750c00, 0x0000000002750c98]
Event: 4.025 Thread 0x0000000014c3b800 nmethod 466 0x0000000002750d50 code [0x0000000002750ea0, 0x0000000002750fb8]
Event: 4.026 Thread 0x0000000014c93800  476   !   4       com.android.dx.util.IntList::get (36 bytes)
Event: 4.026 Thread 0x0000000014c93800 nmethod 476 0x0000000002751110 code [0x0000000002751240, 0x00000000027512f8]
Event: 4.027 Thread 0x0000000014c3b800  478       4       java.util.BitSet::nextSetBit (102 bytes)
Event: 4.028 Thread 0x0000000014c93800  480       4       java.util.HashMap::get (23 bytes)
Event: 4.029 Thread 0x0000000014c3b800 nmethod 478 0x00000000027513d0 code [0x0000000002751520, 0x0000000002751638]
Event: 4.029 Thread 0x0000000014c3b800  481       4       java.util.ArrayList::add (29 bytes)

GC Heap History (0 events):
No events

Deoptimization events (1 events):
Event: 4.023 Thread 0x00000000165ec800 Uncommon trap: reason=unstable_if action=reinterpret pc=0x000000000273d1f0 method=java.util.HashMap.getNode(ILjava/lang/Object;)Ljava/util/HashMap$Node; @ 62

Internal exceptions (2 events):
Event: 2.503 Thread 0x0000000002471000 Exception <a 'java/lang/NoSuchMethodError': Method sun.misc.Unsafe.defineClass(Ljava/lang/String;[BII)Ljava/lang/Class; name or signature does not match> (0x00000000eab07cc0) thrown at [C:\src\android\AOSP-openjdk\external\jetbrains\jdk\hotspot\src\share\vŽ»¨C@
Event: 2.504 Thread 0x0000000002471000 Exception <a 'java/lang/NoSuchMethodError': Method sun.misc.Unsafe.prefetchRead(Ljava/lang/Object;J)V name or signature does not match> (0x00000000eab07fa8) thrown at [C:\src\android\AOSP-openjdk\external\jetbrains\jdk\hotspot\src\share\vm\prims\jni.cpp, lð

Events (10 events):
Event: 4.012 loading class com/android/dx/cf/code/SwitchList
Event: 4.012 loading class com/android/dx/cf/code/SwitchList done
Event: 4.013 loading class com/android/dx/cf/code/BytecodeArray$ConstantParserVisitor
Event: 4.013 loading class com/android/dx/cf/code/BytecodeArray$ConstantParserVisitor done
Event: 4.023 Thread 0x00000000165ec800 Uncommon trap: trap_request=0xffffff65 fr.pc=0x000000000273d1f0
Event: 4.023 Thread 0x00000000165ec800 DEOPT PACKING pc=0x000000000273d1f0 sp=0x0000000016c9e720
Event: 4.023 Thread 0x00000000165ec800 DEOPT UNPACKING pc=0x00000000025b556a sp=0x0000000016c9e698 mode 2
Event: 4.027 loading class com/android/dx/ssa/back/FirstFitLocalCombiningAllocator$Multiset
Event: 4.027 loading class com/android/dx/ssa/back/FirstFitLocalCombiningAllocator$Multiset done
Event: 4.031 loading class java/util/DualPivotQuicksort


Dynamic libraries:
0x00007ff6b27b0000 - 0x00007ff6b27e1000 	F:\Projects\Android Studio\Android Studio\jre\bin\java.exe
0x00007ffa43520000 - 0x00007ffa436f1000 	C:\Windows\SYSTEM32\ntdll.dll
0x00007ffa42ce0000 - 0x00007ffa42d8b000 	C:\Windows\System32\KERNEL32.DLL
0x00007ffa3fab0000 - 0x00007ffa3fccd000 	C:\Windows\System32\KERNELBASE.dll
0x00007ffa424d0000 - 0x00007ffa42572000 	C:\Windows\System32\ADVAPI32.dll
0x00007ffa43040000 - 0x00007ffa430de000 	C:\Windows\System32\msvcrt.dll
0x00007ffa42790000 - 0x00007ffa427e9000 	C:\Windows\System32\sechost.dll
0x00007ffa430e0000 - 0x00007ffa43201000 	C:\Windows\System32\RPCRT4.dll
0x00007ffa40ab0000 - 0x00007ffa40c15000 	C:\Windows\System32\USER32.dll
0x00007ffa3fdd0000 - 0x00007ffa3fdee000 	C:\Windows\System32\win32u.dll
0x00007ffa434e0000 - 0x00007ffa43514000 	C:\Windows\System32\GDI32.dll
0x00007ffa40920000 - 0x00007ffa40aa2000 	C:\Windows\System32\gdi32full.dll
0x00007ffa38a40000 - 0x00007ffa38cba000 	C:\Windows\WinSxS\amd64_microsoft.windows.common-controls_6595b64144ccf1df_6.0.14393.953_none_42151e83c686086b\COMCTL32.dll
0x00007ffa43210000 - 0x00007ffa434d8000 	C:\Windows\System32\combase.dll
0x00007ffa3fcd0000 - 0x00007ffa3fdc5000 	C:\Windows\System32\ucrtbase.dll
0x00007ffa40180000 - 0x00007ffa401ea000 	C:\Windows\System32\bcryptPrimitives.dll
0x00007ffa422e0000 - 0x00007ffa4230e000 	C:\Windows\System32\IMM32.DLL
0x0000000063870000 - 0x0000000063942000 	F:\Projects\Android Studio\Android Studio\jre\jre\bin\msvcr100.dll
0x0000000062ab0000 - 0x00000000632e4000 	F:\Projects\Android Studio\Android Studio\jre\jre\bin\server\jvm.dll
0x00007ffa42130000 - 0x00007ffa42138000 	C:\Windows\System32\PSAPI.DLL
0x00007ffa3c510000 - 0x00007ffa3c519000 	C:\Windows\SYSTEM32\WSOCK32.dll
0x00007ffa3dae0000 - 0x00007ffa3db03000 	C:\Windows\SYSTEM32\WINMM.dll
0x00007ffa39510000 - 0x00007ffa3951a000 	C:\Windows\SYSTEM32\VERSION.dll
0x00007ffa42720000 - 0x00007ffa4278a000 	C:\Windows\System32\WS2_32.dll
0x00007ffa3da80000 - 0x00007ffa3daab000 	C:\Windows\SYSTEM32\WINMMBASE.dll
0x00007ffa401f0000 - 0x00007ffa40232000 	C:\Windows\System32\cfgmgr32.dll
0x00007ffa3dbc0000 - 0x00007ffa3dbcf000 	F:\Projects\Android Studio\Android Studio\jre\jre\bin\verify.dll
0x00007ffa28f50000 - 0x00007ffa28f79000 	F:\Projects\Android Studio\Android Studio\jre\jre\bin\java.dll
0x00007ffa2ae30000 - 0x00007ffa2ae46000 	F:\Projects\Android Studio\Android Studio\jre\jre\bin\zip.dll
0x00007ffa40c20000 - 0x00007ffa42129000 	C:\Windows\System32\SHELL32.dll
0x00007ffa40240000 - 0x00007ffa4091a000 	C:\Windows\System32\windows.storage.dll
0x00007ffa3f980000 - 0x00007ffa3f9cc000 	C:\Windows\System32\powrprof.dll
0x00007ffa42310000 - 0x00007ffa42362000 	C:\Windows\System32\shlwapi.dll
0x00007ffa3fa00000 - 0x00007ffa3fa0f000 	C:\Windows\System32\kernel.appcore.dll
0x00007ffa400d0000 - 0x00007ffa40179000 	C:\Windows\System32\shcore.dll
0x00007ffa3f9d0000 - 0x00007ffa3f9e4000 	C:\Windows\System32\profapi.dll

VM Arguments:
jvm_args: -Djava.awt.headless=true -Xmx1024M -Dfile.encoding=windows-1252 -Duser.country=US -Duser.language=en -Duser.variant 
java_command: com.android.dx.command.Main --dex --force-jumbo --num-threads=4 --multi-dex --output F:\Projects\Android Studio\Projects\RTTest\app\build\intermediates\transforms\dex\debug\folders\1000\5\slice_7 F:\Projects\Android Studio\Projects\RTTest\app\build\intermediates\transforms\instantRunSlicer\debug\folders\1\5\slice_7
java_class_path (initial): F:\Projects\Android Studio\sdk\build-tools\23.0.0\lib\dx.jar
Launcher Type: SUN_STANDARD

Environment Variables:
JAVA_HOME=C:\Program Files\Java\jdk1.8.0_121
PATH=C:\ProgramData\Oracle\Java\javapath;C:\Windows\system32;C:\Windows;C:\Windows\System32\Wbem;C:\Windows\System32\WindowsPowerShell\v1.0\;C:\Program Files (x86)\NVIDIA Corporation\PhysX\Common;C:\Program Files\Condusiv Technologies\ExpressCache\;C:\Users\Disctanger\AppData\Local\Microsoft\WindowsApps;
USERNAME=Disctanger
OS=Windows_NT
PROCESSOR_IDENTIFIER=Intel64 Family 6 Model 58 Stepping 9, GenuineIntel



---------------  S Y S T E M  ---------------

OS: Windows 10.0 , 64 bit Build 14393 (10.0.14393.0)

CPU:total 4 (2 cores per cpu, 2 threads per core) family 6 model 58 stepping 9, cmov, cx8, fxsr, mmx, sse, sse2, sse3, ssse3, sse4.1, sse4.2, popcnt, avx, aes, clmul, erms, ht, tsc, tscinvbit, tscinv

Memory: 4k page, physical 8205832k(1360836k free), swap 10148360k(4108k free)

vm_info: OpenJDK 64-Bit Server VM (25.76-b03) for windows-amd64 JRE (1.8.0_76-release-b03), built on Jun 29 2016 19:09:20 by "ralucas" with MS VC++ 10.0 (VS2010)

time: Thu Apr 06 23:32:09 2017
elapsed time: 4 seconds (0d 0h 0m 4s)

